<?xml version="1.0" encoding="UTF-8"?>
<!-- Generated by org.testng.reporters.JUnitReportReporter -->
<testsuite hostname="LAPTOP-BDL305ER" failures="0" tests="1" name="Demopractice.Testdemo" time="6.726" errors="0" timestamp="2023-07-18T19:58:30 IST" skipped="0">
  <testcase classname="Demopractice.Testdemo" name="check" time="6.726"/>
  <system-out/>
</testsuite> <!-- Demopractice.Testdemo -->
